{"level":"info","message":"startedListening on port 3000","service":"user-service"}
{"level":"info","message":"started Listening on port 3000","service":"AsssociateManagement"}
{"level":"info","message":"started Listening on port 3000","service":"AsssociateManagement"}
{"level":"info","message":"started Listening on port 3000","service":"AsssociateManagement"}
{"level":"info","message":"started Listening on port 3000","service":"AsssociateManagement"}
{"level":"info","message":"started Listening on port 3000","service":"AsssociateManagement"}
{"level":"info","message":"started Listening on port 3000","service":"AsssociateManagement"}
{"level":"info","message":"started Listening on port 3000","service":"AsssociateManagement"}
{"level":"info","message":"started Listening on port 3000","service":"AsssociateManagement"}
{"level":"info","message":"started Listening on port 3000","service":"AsssociateManagement"}
{"level":"info","message":"associate created successfully","service":"AsssociateManagement"}
{"level":"error","message":"error while creating associate","service":"AsssociateManagement"}
{"level":"info","message":"started Listening on port 3000","service":"AsssociateManagement"}
{"level":"info","message":"started Listening on port 3000","service":"AsssociateManagement"}
{"level":"info","message":"associate created successfully","service":"AsssociateManagement"}
{"level":"info","message":"started Listening on port 3000","service":"AsssociateManagement"}
{"level":"info","message":"associate created successfully","service":"AsssociateManagement"}
{"level":"info","message":"started Listening on port 3000","service":"AsssociateManagement"}
{"level":"info","message":"associate created successfully","service":"AsssociateManagement"}
{"level":"info","message":"associate created successfully","service":"AsssociateManagement"}
{"level":"info","message":"started Listening on port 3000","service":"AsssociateManagement"}
{"level":"info","message":"associate created successfully","service":"AsssociateManagement"}
{"level":"info","message":"started Listening on port 3000","service":"AsssociateManagement"}
{"level":"info","message":"started Listening on port 3000","service":"AsssociateManagement"}
{"level":"info","message":"associate created successfully","service":"AsssociateManagement"}
{"level":"info","message":"associate created successfully","service":"AsssociateManagement"}
{"level":"info","message":"started Listening on port 3000","service":"AsssociateManagement"}
{"level":"info","message":"started Listening on port 3000","service":"AsssociateManagement"}
{"level":"info","message":"started Listening on port 3000","service":"AsssociateManagement"}
{"level":"info","message":"started Listening on port 3000","service":"AsssociateManagement"}
{"level":"info","message":"started Listening on port 3000","service":"AsssociateManagement"}
{"level":"info","message":"started Listening on port 3000","service":"AsssociateManagement"}
{"level":"info","message":"started Listening on port 3000","service":"AsssociateManagement"}
{"level":"info","message":"started Listening on port 3000","service":"AsssociateManagement"}
{"level":"info","message":"started Listening on port 3000","service":"AsssociateManagement"}
{"level":"info","message":"started Listening on port 3000","service":"AsssociateManagement"}
{"level":"info","message":"started Listening on port 3000","service":"AsssociateManagement"}
{"level":"info","message":"started Listening on port 3000","service":"AsssociateManagement"}
{"level":"info","message":"started Listening on port 3000","service":"AsssociateManagement"}
{"level":"info","message":"started Listening on port 3000","service":"AsssociateManagement"}
{"level":"info","message":"started Listening on port 3000","service":"AsssociateManagement"}
{"level":"info","message":"started Listening on port 3000","service":"AsssociateManagement"}
{"level":"info","message":"started Listening on port 3000","service":"AsssociateManagement"}
{"level":"info","message":"started Listening on port 3000","service":"AsssociateManagement"}
{"level":"info","message":"started Listening on port 3000","service":"AsssociateManagement"}
{"level":"info","message":"associate created successfully","service":"AsssociateManagement"}
{"level":"info","message":"started Listening on port 3000","service":"AsssociateManagement"}
{"level":"info","message":"associate created successfully","service":"AsssociateManagement"}
{"level":"info","message":"associate created successfully","service":"AsssociateManagement"}
{"level":"info","message":"started Listening on port 3000","service":"AsssociateManagement"}
{"level":"info","message":"associate created successfully","service":"AsssociateManagement"}
{"level":"info","message":"started Listening on port 3000","service":"AsssociateManagement"}
{"level":"info","message":"associate created successfully","service":"AsssociateManagement"}
{"level":"info","message":"started Listening on port 3000","service":"AsssociateManagement"}
{"level":"info","message":"started Listening on port 3000","service":"AsssociateManagement"}
{"level":"info","message":"started Listening on port 3000","service":"AsssociateManagement"}
{"level":"info","message":"associate created successfully","service":"AsssociateManagement"}
{"level":"info","message":"started Listening on port 3000","service":"AsssociateManagement"}
{"level":"info","message":"started Listening on port 3000","service":"AsssociateManagement"}
{"level":"info","message":"started Listening on port 3000","service":"AsssociateManagement"}
{"level":"info","message":"started Listening on port 3000","service":"AsssociateManagement"}
{"level":"info","message":"started Listening on port 3000","service":"AsssociateManagement"}
{"level":"info","message":"started Listening on port 3000","service":"AsssociateManagement"}
{"level":"info","message":"started Listening on port 3000","service":"AsssociateManagement"}
{"level":"info","message":"started Listening on port 3000","service":"AsssociateManagement"}
{"level":"info","message":"started Listening on port 3000","service":"AsssociateManagement"}
{"level":"info","message":"started Listening on port 3000","service":"AsssociateManagement"}
{"level":"info","message":"started Listening on port 3000","service":"AsssociateManagement"}
{"level":"info","message":"started Listening on port 3000","service":"AsssociateManagement"}
{"level":"info","message":"started Listening on port 3000","service":"AsssociateManagement"}
{"level":"info","message":"started Listening on port 3000","service":"AsssociateManagement"}
{"level":"info","message":"started Listening on port 3000","service":"AsssociateManagement"}
{"level":"info","message":"started Listening on port 3000","service":"AsssociateManagement"}
{"level":"info","message":"started Listening on port 3000","service":"AsssociateManagement"}
{"level":"info","message":"started Listening on port 3000","service":"AsssociateManagement"}
{"level":"error","message":"error while creating associate Cannot read properties of undefined (reading 'associateId')","service":"AsssociateManagement","stack":"TypeError: Cannot read properties of undefined (reading 'associateId')\n    at Object.queryHelper.getQuery (E:\\SagunaAssignment\\lib\\queryHelper.js:9:125)\n    at module.exports (E:\\SagunaAssignment\\handlers\\Associates\\create.js:11:43)\n    at Layer.handle [as handle_request] (E:\\SagunaAssignment\\node_modules\\express\\lib\\router\\layer.js:95:5)\n    at next (E:\\SagunaAssignment\\node_modules\\express\\lib\\router\\route.js:137:13)\n    at Route.dispatch (E:\\SagunaAssignment\\node_modules\\express\\lib\\router\\route.js:112:3)\n    at Layer.handle [as handle_request] (E:\\SagunaAssignment\\node_modules\\express\\lib\\router\\layer.js:95:5)\n    at E:\\SagunaAssignment\\node_modules\\express\\lib\\router\\index.js:281:22\n    at Function.process_params (E:\\SagunaAssignment\\node_modules\\express\\lib\\router\\index.js:335:12)\n    at next (E:\\SagunaAssignment\\node_modules\\express\\lib\\router\\index.js:275:10)\n    at Function.handle (E:\\SagunaAssignment\\node_modules\\express\\lib\\router\\index.js:174:3)"}
{"level":"info","message":"started Listening on port 3000","service":"AsssociateManagement"}
{"level":"error","message":"error while creating associate Cannot read properties of undefined (reading 'associateId')","service":"AsssociateManagement","stack":"TypeError: Cannot read properties of undefined (reading 'associateId')\n    at Object.queryHelper.getQuery (E:\\SagunaAssignment\\lib\\queryHelper.js:9:125)\n    at module.exports (E:\\SagunaAssignment\\handlers\\Associates\\create.js:11:43)\n    at Layer.handle [as handle_request] (E:\\SagunaAssignment\\node_modules\\express\\lib\\router\\layer.js:95:5)\n    at next (E:\\SagunaAssignment\\node_modules\\express\\lib\\router\\route.js:137:13)\n    at Route.dispatch (E:\\SagunaAssignment\\node_modules\\express\\lib\\router\\route.js:112:3)\n    at Layer.handle [as handle_request] (E:\\SagunaAssignment\\node_modules\\express\\lib\\router\\layer.js:95:5)\n    at E:\\SagunaAssignment\\node_modules\\express\\lib\\router\\index.js:281:22\n    at Function.process_params (E:\\SagunaAssignment\\node_modules\\express\\lib\\router\\index.js:335:12)\n    at next (E:\\SagunaAssignment\\node_modules\\express\\lib\\router\\index.js:275:10)\n    at Function.handle (E:\\SagunaAssignment\\node_modules\\express\\lib\\router\\index.js:174:3)"}
{"level":"info","message":"started Listening on port 3000","service":"AsssociateManagement"}
{"level":"info","message":"started Listening on port 3000","service":"AsssociateManagement"}
{"level":"info","message":"started Listening on port 3000","service":"AsssociateManagement"}
{"level":"info","message":"associate created successfully","service":"AsssociateManagement"}
{"level":"info","message":"started Listening on port 3000","service":"AsssociateManagement"}
{"level":"info","message":"started Listening on port 3000","service":"AsssociateManagement"}
{"level":"info","message":"associate created successfully","service":"AsssociateManagement"}
{"level":"info","message":"started Listening on port 3000","service":"AsssociateManagement"}
{"level":"info","message":"associate created successfully","service":"AsssociateManagement"}
{"level":"info","message":"started Listening on port 3000","service":"AsssociateManagement"}
{"level":"info","message":"started Listening on port 3000","service":"AsssociateManagement"}
{"level":"info","message":"associate created successfully","service":"AsssociateManagement"}
{"level":"info","message":"associate created successfully","service":"AsssociateManagement"}
{"level":"info","message":"started Listening on port 3000","service":"AsssociateManagement"}
{"level":"info","message":"started Listening on port 3000","service":"AsssociateManagement"}
{"level":"info","message":"associate created successfully","service":"AsssociateManagement"}
{"level":"info","message":"started Listening on port 3000","service":"AsssociateManagement"}
{"level":"info","message":"started Listening on port 3000","service":"AsssociateManagement"}
{"level":"info","message":"started Listening on port 3000","service":"AsssociateManagement"}
{"level":"info","message":"started Listening on port 3000","service":"AsssociateManagement"}
{"level":"info","message":"started Listening on port 3000","service":"AsssociateManagement"}
{"level":"info","message":"started Listening on port 3000","service":"AsssociateManagement"}
{"level":"info","message":"started Listening on port 3000","service":"AsssociateManagement"}
{"level":"info","message":"started Listening on port 3000","service":"AsssociateManagement"}
{"level":"info","message":"started Listening on port 3000","service":"AsssociateManagement"}
{"level":"info","message":"started Listening on port 3000","service":"AsssociateManagement"}
{"level":"info","message":"started Listening on port 3000","service":"AsssociateManagement"}
{"level":"info","message":"started Listening on port 3000","service":"AsssociateManagement"}
{"level":"info","message":"started Listening on port 3000","service":"AsssociateManagement"}
{"level":"info","message":"started Listening on port 3000","service":"AsssociateManagement"}
{"level":"info","message":"started Listening on port 3000","service":"AsssociateManagement"}
{"level":"info","message":"started Listening on port 3000","service":"AsssociateManagement"}
{"level":"info","message":"started Listening on port 3000","service":"AsssociateManagement"}
{"level":"info","message":"started Listening on port 3000","service":"AsssociateManagement"}
{"level":"info","message":"started Listening on port 3000","service":"AsssociateManagement"}
{"level":"info","message":"started Listening on port 3000","service":"AsssociateManagement"}
{"level":"info","message":"started Listening on port 3000","service":"AsssociateManagement"}
{"level":"info","message":"started Listening on port 3000","service":"AsssociateManagement"}
{"level":"info","message":"started Listening on port 3000","service":"AsssociateManagement"}
{"level":"info","message":"started Listening on port 3000","service":"AsssociateManagement"}
{"level":"info","message":"associate created successfully","service":"AsssociateManagement"}
{"level":"info","message":"associate created successfully","service":"AsssociateManagement"}
{"level":"info","message":"started Listening on port 3000","service":"AsssociateManagement"}
{"level":"info","message":"started Listening on port 3000","service":"AsssociateManagement"}
{"level":"info","message":"started Listening on port 3000","service":"AsssociateManagement"}
{"level":"info","message":"started Listening on port 3000","service":"AsssociateManagement"}
{"level":"info","message":"started Listening on port 3000","service":"AsssociateManagement"}
{"level":"info","message":"started Listening on port 3000","service":"AsssociateManagement"}
{"level":"info","message":"started Listening on port 3000","service":"AsssociateManagement"}
{"level":"info","message":"started Listening on port 3000","service":"AsssociateManagement"}
{"level":"info","message":"started Listening on port 3000","service":"AsssociateManagement"}
{"level":"info","message":"started Listening on port 3000","service":"AsssociateManagement"}
{"level":"info","message":"started Listening on port 3000","service":"AsssociateManagement"}
{"level":"info","message":"started Listening on port 3000","service":"AsssociateManagement"}
{"level":"info","message":"started Listening on port 3000","service":"AsssociateManagement"}
{"level":"info","message":"started Listening on port 3000","service":"AsssociateManagement"}
{"level":"info","message":"started Listening on port 3000","service":"AsssociateManagement"}
{"level":"info","message":"started Listening on port 3000","service":"AsssociateManagement"}
{"level":"info","message":"started Listening on port 3000","service":"AsssociateManagement"}
{"level":"info","message":"started Listening on port 3000","service":"AsssociateManagement"}
{"level":"error","message":"error while creating associate rows is not iterable","service":"AsssociateManagement","stack":"TypeError: rows is not iterable\n    at module.exports (E:\\SagunaAssignment\\handlers\\Associates\\update.js:30:25)\n    at processTicksAndRejections (node:internal/process/task_queues:96:5)"}
{"level":"info","message":"started Listening on port 3000","service":"AsssociateManagement"}
{"level":"info","message":"started Listening on port 3000","service":"AsssociateManagement"}
{"level":"error","message":"error while creating associate rows is not iterable","service":"AsssociateManagement","stack":"TypeError: rows is not iterable\n    at module.exports (E:\\SagunaAssignment\\handlers\\Associates\\update.js:30:25)\n    at processTicksAndRejections (node:internal/process/task_queues:96:5)"}
{"level":"info","message":"started Listening on port 3000","service":"AsssociateManagement"}
{"level":"info","message":"associate created successfully","service":"AsssociateManagement"}
{"level":"info","message":"started Listening on port 3000","service":"AsssociateManagement"}
{"level":"info","message":"associate created successfully","service":"AsssociateManagement"}
{"level":"info","message":"started Listening on port 3000","service":"AsssociateManagement"}
{"level":"info","message":"associate created successfully","service":"AsssociateManagement"}
{"level":"info","message":"started Listening on port 3000","service":"AsssociateManagement"}
{"level":"info","message":"started Listening on port 3000","service":"AsssociateManagement"}
{"level":"info","message":"started Listening on port 3000","service":"AsssociateManagement"}
{"level":"info","message":"started Listening on port 3000","service":"AsssociateManagement"}
{"level":"info","message":"started Listening on port 3000","service":"AsssociateManagement"}
{"level":"info","message":"started Listening on port 3000","service":"AsssociateManagement"}
{"level":"info","message":"started Listening on port 3000","service":"AsssociateManagement"}
{"level":"info","message":"started Listening on port 3000","service":"AsssociateManagement"}
{"level":"info","message":"started Listening on port 3000","service":"AsssociateManagement"}
{"level":"info","message":"started Listening on port 3000","service":"AsssociateManagement"}
{"level":"info","message":"started Listening on port 3000","service":"AsssociateManagement"}
{"level":"info","message":"started Listening on port 3000","service":"AsssociateManagement"}
{"level":"info","message":"started Listening on port 3000","service":"AsssociateManagement"}
{"level":"info","message":"started Listening on port 3000","service":"AsssociateManagement"}
{"level":"info","message":"started Listening on port 3000","service":"AsssociateManagement"}
{"level":"info","message":"started Listening on port 3000","service":"AsssociateManagement"}
{"level":"info","message":"started Listening on port 3000","service":"AsssociateManagement"}
{"level":"info","message":"started Listening on port 3000","service":"AsssociateManagement"}
{"level":"info","message":"started Listening on port 3000","service":"AsssociateManagement"}
{"level":"info","message":"started Listening on port 3000","service":"AsssociateManagement"}
{"level":"info","message":"started Listening on port 3000","service":"AsssociateManagement"}
{"level":"info","message":"started Listening on port 3000","service":"AsssociateManagement"}
{"level":"info","message":"started Listening on port 3000","service":"AsssociateManagement"}
{"level":"info","message":"started Listening on port 3000","service":"AsssociateManagement"}
{"level":"info","message":"started Listening on port 3000","service":"AsssociateManagement"}
{"level":"info","message":"started Listening on port 3000","service":"AsssociateManagement"}
{"level":"info","message":"started Listening on port 3000","service":"AsssociateManagement"}
{"level":"info","message":"started Listening on port 3000","service":"AsssociateManagement"}
{"level":"info","message":"started Listening on port 3000","service":"AsssociateManagement"}
{"level":"info","message":"started Listening on port 3000","service":"AsssociateManagement"}
{"level":"info","message":"associate created successfully","service":"AsssociateManagement"}
{"level":"info","message":"associate created successfully","service":"AsssociateManagement"}
{"level":"info","message":"associate created successfully","service":"AsssociateManagement"}
{"level":"info","message":"started Listening on port 3000","service":"AsssociateManagement"}
{"level":"info","message":"started Listening on port 3000","service":"AsssociateManagement"}
{"level":"info","message":"started Listening on port 3000","service":"AsssociateManagement"}
{"level":"info","message":"started Listening on port 3000","service":"AsssociateManagement"}
{"level":"info","message":"started Listening on port 3000","service":"AsssociateManagement"}
{"level":"info","message":"started Listening on port 3000","service":"AsssociateManagement"}
{"level":"info","message":"started Listening on port 3000","service":"AsssociateManagement"}
{"level":"info","message":"started Listening on port 3000","service":"AsssociateManagement"}
{"level":"info","message":"started Listening on port 3000","service":"AsssociateManagement"}
{"level":"info","message":"started Listening on port 3000","service":"AsssociateManagement"}
{"level":"info","message":"started Listening on port 3000","service":"AsssociateManagement"}
{"level":"info","message":"started Listening on port 3000","service":"AsssociateManagement"}
